<?xml version="1.0" encoding="UTF-8"?>
<testng-results ignored="0" total="1" passed="1" failed="0" skipped="0">
  <reporter-output>
  </reporter-output>
  <suite started-at="2023-10-20T12:51:08 IST" name="Suite" finished-at="2023-10-20T12:51:26 IST" duration-ms="18763">
    <groups>
    </groups>
    <test started-at="2023-10-20T12:51:08 IST" name="Test" finished-at="2023-10-20T12:51:26 IST" duration-ms="18763">
      <class name="hybridTest.mobile.CalculatorAppTest">
        <test-method is-config="true" signature="setUp()[pri:0, instance:hybridTest.mobile.CalculatorAppTest@186f8716]" started-at="2023-10-20T12:50:43 IST" name="setUp" finished-at="2023-10-20T12:51:08 IST" duration-ms="24134" status="PASS">
          <reporter-output>
          </reporter-output>
        </test-method> <!-- setUp -->
        <test-method signature="testCalculatorOperations()[pri:0, instance:hybridTest.mobile.CalculatorAppTest@186f8716]" started-at="2023-10-20T12:51:08 IST" name="testCalculatorOperations" finished-at="2023-10-20T12:51:25 IST" duration-ms="17395" status="PASS">
          <reporter-output>
          </reporter-output>
        </test-method> <!-- testCalculatorOperations -->
      </class> <!-- hybridTest.mobile.CalculatorAppTest -->
    </test> <!-- Test -->
  </suite> <!-- Suite -->
</testng-results>
